09:29:12.409 [main] INFO  com.example.cjhfirstproject.CjhFirstProjectApplication  - Starting CjhFirstProjectApplication using Java 1.8.0_271 on LAPTOP-II7PLPAM with PID 22188 (E:\JAVA\SpringBoot\学校\代码\cjhFirstProject\target\classes started by 陈佳豪 in E:\JAVA\SpringBoot\学校\代码\cjhFirstProject)
09:29:12.422 [main] INFO  com.example.cjhfirstproject.CjhFirstProjectApplication  - No active profile set, falling back to 1 default profile: "default"
09:29:13.567 [main] INFO  org.apache.coyote.http11.Http11NioProtocol  - Initializing ProtocolHandler ["http-nio-8080"]
09:29:13.568 [main] INFO  org.apache.catalina.core.StandardService  - Starting service [Tomcat]
09:29:13.568 [main] INFO  org.apache.catalina.core.StandardEngine  - Starting Servlet engine: [Apache Tomcat/9.0.68]
09:29:13.831 [main] INFO  org.apache.jasper.servlet.TldScanner  - At least one JAR was scanned for TLDs yet contained no TLDs. Enable debug logging for this logger for a complete list of JARs that were scanned but no TLDs were found in them. Skipping unneeded JARs during scanning can improve startup time and JSP compilation time.
09:29:13.835 [main] INFO  org.apache.catalina.core.ContainerBase.[Tomcat].[localhost].[/]  - Initializing Spring embedded WebApplicationContext
09:29:14.313 [main] INFO  org.apache.coyote.http11.Http11NioProtocol  - Starting ProtocolHandler ["http-nio-8080"]
09:29:14.340 [main] INFO  com.example.cjhfirstproject.CjhFirstProjectApplication  - Started CjhFirstProjectApplication in 2.25 seconds (JVM running for 3.879)
09:29:14.604 [http-nio-8080-exec-2] INFO  org.apache.catalina.core.ContainerBase.[Tomcat].[localhost].[/]  - Initializing Spring DispatcherServlet 'dispatcherServlet'
09:29:14.625 [http-nio-8080-exec-2] INFO  com.example.cjhfirstproject.controller.DepartmentController  - 日志文件
09:29:14.638 [http-nio-8080-exec-2] INFO  com.zaxxer.hikari.HikariDataSource  - HikariPool-1 - Starting...
09:29:14.760 [http-nio-8080-exec-2] INFO  com.zaxxer.hikari.HikariDataSource  - HikariPool-1 - Start completed.
09:29:27.219 [http-nio-8080-exec-3] INFO  com.example.cjhfirstproject.controller.DepartmentController  - 日志文件
09:29:28.444 [http-nio-8080-exec-4] INFO  com.example.cjhfirstproject.controller.DepartmentController  - 日志文件
09:32:20.689 [http-nio-8080-exec-7] INFO  com.example.cjhfirstproject.controller.DepartmentController  - 日志文件
09:32:25.041 [http-nio-8080-exec-8] INFO  com.example.cjhfirstproject.controller.DepartmentController  - 日志文件
09:32:36.889 [http-nio-8080-exec-9] INFO  com.example.cjhfirstproject.controller.DepartmentController  - 日志文件
09:33:24.816 [http-nio-8080-exec-3] INFO  com.example.cjhfirstproject.controller.DepartmentController  - 日志文件
09:33:28.647 [http-nio-8080-exec-5] INFO  com.example.cjhfirstproject.controller.DepartmentController  - 日志文件
09:33:29.595 [http-nio-8080-exec-6] INFO  com.example.cjhfirstproject.controller.DepartmentController  - 日志文件
09:34:46.842 [http-nio-8080-exec-1] INFO  com.example.cjhfirstproject.controller.DepartmentController  - 日志文件
09:35:04.578 [http-nio-8080-exec-2] INFO  com.example.cjhfirstproject.controller.DepartmentController  - 日志文件
09:39:44.319 [http-nio-8080-exec-7] INFO  com.example.cjhfirstproject.controller.DepartmentController  - 日志文件
10:05:04.608 [HikariPool-1 housekeeper] WARN  com.zaxxer.hikari.pool.HikariPool  - HikariPool-1 - Thread starvation or clock leap detected (housekeeper delta=25m19s568ms769µs400ns).
10:06:08.567 [SpringApplicationShutdownHook] INFO  com.zaxxer.hikari.HikariDataSource  - HikariPool-1 - Shutdown initiated...
10:06:08.570 [SpringApplicationShutdownHook] INFO  com.zaxxer.hikari.HikariDataSource  - HikariPool-1 - Shutdown completed.
15:21:55.772 [main] INFO  com.example.cjhfirstproject.CjhFirstProjectApplication  - Starting CjhFirstProjectApplication using Java 1.8.0_271 on LAPTOP-II7PLPAM with PID 22808 (E:\JAVA\SpringBoot\学校\代码\cjhFirstProject\target\classes started by 陈佳豪 in E:\JAVA\SpringBoot\学校\代码\cjhFirstProject)
15:21:55.778 [main] INFO  com.example.cjhfirstproject.CjhFirstProjectApplication  - No active profile set, falling back to 1 default profile: "default"
15:21:56.775 [main] INFO  org.apache.coyote.http11.Http11NioProtocol  - Initializing ProtocolHandler ["http-nio-8080"]
15:21:56.776 [main] INFO  org.apache.catalina.core.StandardService  - Starting service [Tomcat]
15:21:56.776 [main] INFO  org.apache.catalina.core.StandardEngine  - Starting Servlet engine: [Apache Tomcat/9.0.68]
15:21:56.949 [main] INFO  org.apache.jasper.servlet.TldScanner  - At least one JAR was scanned for TLDs yet contained no TLDs. Enable debug logging for this logger for a complete list of JARs that were scanned but no TLDs were found in them. Skipping unneeded JARs during scanning can improve startup time and JSP compilation time.
15:21:56.954 [main] INFO  org.apache.catalina.core.ContainerBase.[Tomcat].[localhost].[/]  - Initializing Spring embedded WebApplicationContext
15:21:57.398 [main] INFO  springfox.documentation.spring.web.PropertySourcedRequestMappingHandlerMapping  - Mapped URL path [/v2/api-docs] onto method [springfox.documentation.swagger2.web.Swagger2Controller#getDocumentation(String, HttpServletRequest)]
15:21:57.547 [main] INFO  org.apache.coyote.http11.Http11NioProtocol  - Starting ProtocolHandler ["http-nio-8080"]
15:21:57.566 [main] INFO  springfox.documentation.spring.web.plugins.DocumentationPluginsBootstrapper  - Context refreshed
15:21:57.575 [main] INFO  springfox.documentation.spring.web.plugins.DocumentationPluginsBootstrapper  - Found 1 custom documentation plugin(s)
15:21:57.904 [main] INFO  org.apache.coyote.http11.Http11NioProtocol  - Pausing ProtocolHandler ["http-nio-8080"]
15:21:57.905 [main] INFO  org.apache.catalina.core.StandardService  - Stopping service [Tomcat]
15:21:57.907 [main] INFO  org.apache.coyote.http11.Http11NioProtocol  - Stopping ProtocolHandler ["http-nio-8080"]
15:21:57.909 [main] INFO  org.apache.coyote.http11.Http11NioProtocol  - Destroying ProtocolHandler ["http-nio-8080"]
15:23:44.936 [main] INFO  com.example.cjhfirstproject.CjhFirstProjectApplication  - Starting CjhFirstProjectApplication using Java 1.8.0_271 on LAPTOP-II7PLPAM with PID 5164 (E:\JAVA\SpringBoot\学校\代码\cjhFirstProject\target\classes started by 陈佳豪 in E:\JAVA\SpringBoot\学校\代码\cjhFirstProject)
15:23:44.951 [main] INFO  com.example.cjhfirstproject.CjhFirstProjectApplication  - No active profile set, falling back to 1 default profile: "default"
15:29:47.268 [main] INFO  com.example.cjhfirstproject.CjhFirstProjectApplication  - Starting CjhFirstProjectApplication using Java 1.8.0_271 on LAPTOP-II7PLPAM with PID 23344 (E:\JAVA\SpringBoot\学校\代码\cjhFirstProject\target\classes started by 陈佳豪 in E:\JAVA\SpringBoot\学校\代码\cjhFirstProject)
15:29:47.268 [main] INFO  com.example.cjhfirstproject.CjhFirstProjectApplication  - No active profile set, falling back to 1 default profile: "default"
15:32:04.965 [main] INFO  com.example.cjhfirstproject.CjhFirstProjectApplication  - Starting CjhFirstProjectApplication using Java 1.8.0_271 on LAPTOP-II7PLPAM with PID 2036 (E:\JAVA\SpringBoot\学校\代码\cjhFirstProject\target\classes started by 陈佳豪 in E:\JAVA\SpringBoot\学校\代码\cjhFirstProject)
15:32:04.969 [main] INFO  com.example.cjhfirstproject.CjhFirstProjectApplication  - No active profile set, falling back to 1 default profile: "default"
15:32:05.598 [main] INFO  org.apache.coyote.http11.Http11NioProtocol  - Initializing ProtocolHandler ["http-nio-8080"]
15:32:05.598 [main] INFO  org.apache.catalina.core.StandardService  - Starting service [Tomcat]
15:32:05.598 [main] INFO  org.apache.catalina.core.StandardEngine  - Starting Servlet engine: [Apache Tomcat/9.0.68]
15:32:05.725 [main] INFO  org.apache.jasper.servlet.TldScanner  - At least one JAR was scanned for TLDs yet contained no TLDs. Enable debug logging for this logger for a complete list of JARs that were scanned but no TLDs were found in them. Skipping unneeded JARs during scanning can improve startup time and JSP compilation time.
15:32:05.728 [main] INFO  org.apache.catalina.core.ContainerBase.[Tomcat].[localhost].[/]  - Initializing Spring embedded WebApplicationContext
15:32:06.022 [main] INFO  springfox.documentation.spring.web.PropertySourcedRequestMappingHandlerMapping  - Mapped URL path [/v2/api-docs] onto method [springfox.documentation.swagger2.web.Swagger2Controller#getDocumentation(String, HttpServletRequest)]
15:32:06.133 [main] INFO  org.apache.coyote.http11.Http11NioProtocol  - Starting ProtocolHandler ["http-nio-8080"]
15:32:06.145 [main] INFO  springfox.documentation.spring.web.plugins.DocumentationPluginsBootstrapper  - Context refreshed
15:32:06.154 [main] INFO  springfox.documentation.spring.web.plugins.DocumentationPluginsBootstrapper  - Found 1 custom documentation plugin(s)
15:32:06.370 [main] INFO  org.apache.coyote.http11.Http11NioProtocol  - Pausing ProtocolHandler ["http-nio-8080"]
15:32:06.370 [main] INFO  org.apache.catalina.core.StandardService  - Stopping service [Tomcat]
15:32:06.372 [main] INFO  org.apache.coyote.http11.Http11NioProtocol  - Stopping ProtocolHandler ["http-nio-8080"]
15:32:06.375 [main] INFO  org.apache.coyote.http11.Http11NioProtocol  - Destroying ProtocolHandler ["http-nio-8080"]
15:32:42.788 [main] INFO  com.example.cjhfirstproject.CjhFirstProjectApplication  - Starting CjhFirstProjectApplication using Java 1.8.0_271 on LAPTOP-II7PLPAM with PID 22228 (E:\JAVA\SpringBoot\学校\代码\cjhFirstProject\target\classes started by 陈佳豪 in E:\JAVA\SpringBoot\学校\代码\cjhFirstProject)
15:32:42.792 [main] INFO  com.example.cjhfirstproject.CjhFirstProjectApplication  - No active profile set, falling back to 1 default profile: "default"
15:32:43.392 [main] INFO  org.apache.coyote.http11.Http11NioProtocol  - Initializing ProtocolHandler ["http-nio-8080"]
15:32:43.393 [main] INFO  org.apache.catalina.core.StandardService  - Starting service [Tomcat]
15:32:43.393 [main] INFO  org.apache.catalina.core.StandardEngine  - Starting Servlet engine: [Apache Tomcat/9.0.68]
15:32:43.515 [main] INFO  org.apache.jasper.servlet.TldScanner  - At least one JAR was scanned for TLDs yet contained no TLDs. Enable debug logging for this logger for a complete list of JARs that were scanned but no TLDs were found in them. Skipping unneeded JARs during scanning can improve startup time and JSP compilation time.
15:32:43.517 [main] INFO  org.apache.catalina.core.ContainerBase.[Tomcat].[localhost].[/]  - Initializing Spring embedded WebApplicationContext
15:32:43.819 [main] INFO  springfox.documentation.spring.web.PropertySourcedRequestMappingHandlerMapping  - Mapped URL path [/v2/api-docs] onto method [springfox.documentation.swagger2.web.Swagger2Controller#getDocumentation(String, HttpServletRequest)]
15:32:43.931 [main] INFO  org.apache.coyote.http11.Http11NioProtocol  - Starting ProtocolHandler ["http-nio-8080"]
15:32:43.945 [main] INFO  springfox.documentation.spring.web.plugins.DocumentationPluginsBootstrapper  - Context refreshed
15:32:43.953 [main] INFO  springfox.documentation.spring.web.plugins.DocumentationPluginsBootstrapper  - Found 1 custom documentation plugin(s)
15:32:44.169 [main] INFO  org.apache.coyote.http11.Http11NioProtocol  - Pausing ProtocolHandler ["http-nio-8080"]
15:32:44.169 [main] INFO  org.apache.catalina.core.StandardService  - Stopping service [Tomcat]
15:32:44.171 [main] INFO  org.apache.coyote.http11.Http11NioProtocol  - Stopping ProtocolHandler ["http-nio-8080"]
15:32:44.172 [main] INFO  org.apache.coyote.http11.Http11NioProtocol  - Destroying ProtocolHandler ["http-nio-8080"]
15:37:53.069 [main] INFO  com.example.cjhfirstproject.CjhFirstProjectApplication  - Starting CjhFirstProjectApplication using Java 1.8.0_271 on LAPTOP-II7PLPAM with PID 8736 (E:\JAVA\SpringBoot\学校\代码\cjhFirstProject\target\classes started by 陈佳豪 in E:\JAVA\SpringBoot\学校\代码\cjhFirstProject)
15:37:53.074 [main] INFO  com.example.cjhfirstproject.CjhFirstProjectApplication  - No active profile set, falling back to 1 default profile: "default"
15:37:53.913 [main] INFO  org.apache.coyote.http11.Http11NioProtocol  - Initializing ProtocolHandler ["http-nio-8080"]
15:37:53.913 [main] INFO  org.apache.catalina.core.StandardService  - Starting service [Tomcat]
15:37:53.914 [main] INFO  org.apache.catalina.core.StandardEngine  - Starting Servlet engine: [Apache Tomcat/9.0.68]
15:37:54.066 [main] INFO  org.apache.jasper.servlet.TldScanner  - At least one JAR was scanned for TLDs yet contained no TLDs. Enable debug logging for this logger for a complete list of JARs that were scanned but no TLDs were found in them. Skipping unneeded JARs during scanning can improve startup time and JSP compilation time.
15:37:54.068 [main] INFO  org.apache.catalina.core.ContainerBase.[Tomcat].[localhost].[/]  - Initializing Spring embedded WebApplicationContext
15:37:54.530 [main] INFO  springfox.documentation.spring.web.PropertySourcedRequestMappingHandlerMapping  - Mapped URL path [/v2/api-docs] onto method [springfox.documentation.swagger2.web.Swagger2Controller#getDocumentation(String, HttpServletRequest)]
15:37:54.683 [main] INFO  org.apache.coyote.http11.Http11NioProtocol  - Starting ProtocolHandler ["http-nio-8080"]
15:37:54.698 [main] INFO  springfox.documentation.spring.web.plugins.DocumentationPluginsBootstrapper  - Context refreshed
15:37:54.710 [main] INFO  springfox.documentation.spring.web.plugins.DocumentationPluginsBootstrapper  - Found 1 custom documentation plugin(s)
15:37:54.966 [main] INFO  org.apache.coyote.http11.Http11NioProtocol  - Pausing ProtocolHandler ["http-nio-8080"]
15:37:54.966 [main] INFO  org.apache.catalina.core.StandardService  - Stopping service [Tomcat]
15:37:54.969 [main] INFO  org.apache.coyote.http11.Http11NioProtocol  - Stopping ProtocolHandler ["http-nio-8080"]
15:37:54.970 [main] INFO  org.apache.coyote.http11.Http11NioProtocol  - Destroying ProtocolHandler ["http-nio-8080"]
15:41:25.956 [main] INFO  com.example.cjhfirstproject.CjhFirstProjectApplication  - Starting CjhFirstProjectApplication using Java 1.8.0_271 on LAPTOP-II7PLPAM with PID 10324 (E:\JAVA\SpringBoot\学校\代码\cjhFirstProject\target\classes started by 陈佳豪 in E:\JAVA\SpringBoot\学校\代码\cjhFirstProject)
15:41:25.962 [main] INFO  com.example.cjhfirstproject.CjhFirstProjectApplication  - No active profile set, falling back to 1 default profile: "default"
15:41:26.850 [main] INFO  org.apache.coyote.http11.Http11NioProtocol  - Initializing ProtocolHandler ["http-nio-8080"]
15:41:26.850 [main] INFO  org.apache.catalina.core.StandardService  - Starting service [Tomcat]
15:41:26.851 [main] INFO  org.apache.catalina.core.StandardEngine  - Starting Servlet engine: [Apache Tomcat/9.0.68]
15:41:27.035 [main] INFO  org.apache.jasper.servlet.TldScanner  - At least one JAR was scanned for TLDs yet contained no TLDs. Enable debug logging for this logger for a complete list of JARs that were scanned but no TLDs were found in them. Skipping unneeded JARs during scanning can improve startup time and JSP compilation time.
15:41:27.039 [main] INFO  org.apache.catalina.core.ContainerBase.[Tomcat].[localhost].[/]  - Initializing Spring embedded WebApplicationContext
15:41:27.083 [main] INFO  org.apache.catalina.core.StandardService  - Stopping service [Tomcat]
